c:\users\brian kirkpatrick\projects\sdl\mpg123\ports\msvc++\2015\win32\libmpg123\x64\debug_x86_dll\vc143.pdb
c:\users\brian kirkpatrick\projects\sdl\mpg123\ports\msvc++\2015\win32\libmpg123\x64\debug_x86_dll\parse.obj
c:\users\brian kirkpatrick\projects\sdl\mpg123\ports\msvc++\2015\win32\libmpg123\x64\debug_x86_dll\optimize.obj
c:\users\brian kirkpatrick\projects\sdl\mpg123\ports\msvc++\2015\win32\libmpg123\x64\debug_x86_dll\ntom.obj
c:\users\brian kirkpatrick\projects\sdl\mpg123\ports\msvc++\2015\win32\libmpg123\x64\debug_x86_dll\msvc.obj
c:\users\brian kirkpatrick\projects\sdl\mpg123\ports\msvc++\2015\win32\libmpg123\x64\debug_x86_dll\libmpg123.obj
c:\users\brian kirkpatrick\projects\sdl\mpg123\ports\msvc++\2015\win32\libmpg123\x64\debug_x86_dll\layer3.obj
c:\users\brian kirkpatrick\projects\sdl\mpg123\ports\msvc++\2015\win32\libmpg123\x64\debug_x86_dll\layer2.obj
c:\users\brian kirkpatrick\projects\sdl\mpg123\ports\msvc++\2015\win32\libmpg123\x64\debug_x86_dll\layer1.obj
c:\users\brian kirkpatrick\projects\sdl\mpg123\ports\msvc++\2015\win32\libmpg123\x64\debug_x86_dll\index.obj
c:\users\brian kirkpatrick\projects\sdl\mpg123\ports\msvc++\2015\win32\libmpg123\x64\debug_x86_dll\id3.obj
c:\users\brian kirkpatrick\projects\sdl\mpg123\ports\msvc++\2015\win32\libmpg123\x64\debug_x86_dll\icy2utf8.obj
c:\users\brian kirkpatrick\projects\sdl\mpg123\ports\msvc++\2015\win32\libmpg123\x64\debug_x86_dll\icy.obj
c:\users\brian kirkpatrick\projects\sdl\mpg123\ports\msvc++\2015\win32\libmpg123\x64\debug_x86_dll\frame.obj
c:\users\brian kirkpatrick\projects\sdl\mpg123\ports\msvc++\2015\win32\libmpg123\x64\debug_x86_dll\format.obj
c:\users\brian kirkpatrick\projects\sdl\mpg123\ports\msvc++\2015\win32\libmpg123\x64\debug_x86_dll\feature.obj
c:\users\brian kirkpatrick\projects\sdl\mpg123\ports\msvc++\2015\win32\libmpg123\x64\debug_x86_dll\equalizer.obj
c:\users\brian kirkpatrick\projects\sdl\mpg123\ports\msvc++\2015\win32\libmpg123\x64\debug_x86_dll\dct64_i386.obj
c:\users\brian kirkpatrick\projects\sdl\mpg123\ports\msvc++\2015\win32\libmpg123\x64\debug_x86_dll\dct64.obj
c:\users\brian kirkpatrick\projects\sdl\mpg123\ports\msvc++\2015\win32\libmpg123\x64\debug_x86_dll\compat_str.obj
c:\users\brian kirkpatrick\projects\sdl\mpg123\ports\msvc++\2015\win32\libmpg123\x64\debug_x86_dll\compat.obj
c:\users\brian kirkpatrick\projects\sdl\mpg123\ports\msvc++\2015\win32\libmpg123\x64\debug_x86_dll\tabinit.obj
c:\users\brian kirkpatrick\projects\sdl\mpg123\ports\msvc++\2015\win32\libmpg123\x64\debug_x86_dll\synth_s32.obj
c:\users\brian kirkpatrick\projects\sdl\mpg123\ports\msvc++\2015\win32\libmpg123\x64\debug_x86_dll\synth_real.obj
c:\users\brian kirkpatrick\projects\sdl\mpg123\ports\msvc++\2015\win32\libmpg123\x64\debug_x86_dll\synth_8bit.obj
c:\users\brian kirkpatrick\projects\sdl\mpg123\ports\msvc++\2015\win32\libmpg123\x64\debug_x86_dll\synth.obj
c:\users\brian kirkpatrick\projects\sdl\mpg123\ports\msvc++\2015\win32\libmpg123\x64\debug_x86_dll\stringbuf.obj
c:\users\brian kirkpatrick\projects\sdl\mpg123\ports\msvc++\2015\win32\libmpg123\x64\debug_x86_dll\readers.obj
c:\users\brian kirkpatrick\projects\sdl\mpg123\ports\msvc++\2015\win32\libmpg123\x64\debug_x86_dll\dct36_x86_64.obj
c:\users\brian kirkpatrick\projects\sdl\mpg123\ports\msvc++\2015\win32\libmpg123\x64\debug_x86_dll\dct64_x86_64.obj
c:\users\brian kirkpatrick\projects\sdl\mpg123\ports\msvc++\2015\win32\libmpg123\x64\debug_x86_dll\dct64_x86_64_float.obj
c:\users\brian kirkpatrick\projects\sdl\mpg123\ports\msvc++\2015\win32\libmpg123\x64\debug_x86_dll\getcpuflags_x86_64.obj
c:\users\brian kirkpatrick\projects\sdl\mpg123\ports\msvc++\2015\win32\libmpg123\x64\debug_x86_dll\synth_stereo_x86_64.obj
c:\users\brian kirkpatrick\projects\sdl\mpg123\ports\msvc++\2015\win32\libmpg123\x64\debug_x86_dll\synth_stereo_x86_64_accurate.obj
c:\users\brian kirkpatrick\projects\sdl\mpg123\ports\msvc++\2015\win32\libmpg123\x64\debug_x86_dll\synth_stereo_x86_64_float.obj
c:\users\brian kirkpatrick\projects\sdl\mpg123\ports\msvc++\2015\win32\libmpg123\x64\debug_x86_dll\synth_stereo_x86_64_s32.obj
c:\users\brian kirkpatrick\projects\sdl\mpg123\ports\msvc++\2015\win32\libmpg123\x64\debug_x86_dll\synth_x86_64.obj
c:\users\brian kirkpatrick\projects\sdl\mpg123\ports\msvc++\2015\win32\libmpg123\x64\debug_x86_dll\synth_x86_64_accurate.obj
c:\users\brian kirkpatrick\projects\sdl\mpg123\ports\msvc++\2015\win32\libmpg123\x64\debug_x86_dll\synth_x86_64_float.obj
c:\users\brian kirkpatrick\projects\sdl\mpg123\ports\msvc++\2015\win32\libmpg123\x64\debug_x86_dll\synth_x86_64_s32.obj
c:\users\brian kirkpatrick\projects\sdl\mpg123\ports\msvc++\2015\win32\libmpg123\x64\debug_x86_dll\libmpg123.tlog\cl.command.1.tlog
c:\users\brian kirkpatrick\projects\sdl\mpg123\ports\msvc++\2015\win32\libmpg123\x64\debug_x86_dll\libmpg123.tlog\cl.read.1.tlog
c:\users\brian kirkpatrick\projects\sdl\mpg123\ports\msvc++\2015\win32\libmpg123\x64\debug_x86_dll\libmpg123.tlog\cl.write.1.tlog
c:\users\brian kirkpatrick\projects\sdl\mpg123\ports\msvc++\2015\win32\libmpg123\x64\debug_x86_dll\libmpg123.tlog\link.command.1.tlog
c:\users\brian kirkpatrick\projects\sdl\mpg123\ports\msvc++\2015\win32\libmpg123\x64\debug_x86_dll\libmpg123.tlog\link.read.1.tlog
c:\users\brian kirkpatrick\projects\sdl\mpg123\ports\msvc++\2015\win32\libmpg123\x64\debug_x86_dll\libmpg123.tlog\link.write.1.tlog
